Attempted path: share/obs/obs-studio/locale/en-US.ini
Attempted path: /usr/share/obs/obs-studio/locale/en-US.ini
Attempted path: share/obs/obs-studio/locale.ini
Attempted path: /usr/share/obs/obs-studio/locale.ini
Attempted path: share/obs/obs-studio/themes/Dark.qss
Attempted path: /usr/share/obs/obs-studio/themes/Dark.qss
info: Command Line Arguments: --startrecording --profile lab_table_camera --scene gesture_demo
info: CPU Name: Intel(R) Core(TM) i7-4720HQ CPU @ 2.60GHz
info: CPU Speed: 3392.140MHz
info: Physical Cores: 4, Logical Cores: 8
info: Physical Memory: 15962MB Total, 836MB Free
info: Kernel Version: Linux 4.15.0-142-generic
info: Distribution: "Ubuntu" "18.04"
info: Window System: X11.0, Vendor: The X.Org Foundation, Version: 1.19.6
info: Portable mode: false
Attempted path: share/obs/obs-studio/themes/Dark/no_sources.svg
Attempted path: /usr/share/obs/obs-studio/themes/Dark/no_sources.svg
info: OBS 26.0.2 (linux)
info: ---------------------------------
info: ---------------------------------
info: audio settings reset:
	samples per sec: 48000
	speakers:        2
info: ---------------------------------
info: Initializing OpenGL...
info: Loading up OpenGL on adapter Intel Open Source Technology Center Mesa DRI Intel(R) HD Graphics 4600 (HSW GT2)
info: OpenGL loaded successfully, version 4.5 (Core Profile) Mesa 20.0.8, shading language 4.50
info: ---------------------------------
info: video settings reset:
	base resolution:   1920x1080
	output resolution: 1280x720
	downscale filter:  Bicubic
	fps:               30/1
	format:            NV12
	YUV mode:          709/Partial
info: NV12 texture support not available
info: Audio monitoring device:
	name: Default
	id: default
info: ---------------------------------
warning: Failed to load 'en-US' text for module: 'decklink-ouput-ui.so'
warning: A DeckLink iterator could not be created.  The DeckLink drivers may not be installed
info: No blackmagic support
info: [obs-browser]: Version 2.8.7
info: FFMPEG VAAPI supported
info: VLC found, VLC video source enabled
info: ---------------------------------
info:   Loaded Modules:
info:     vlc-video.so
info:     text-freetype2.so
info:     rtmp-services.so
info:     obs-x264.so
info:     obs-vst.so
info:     obs-transitions.so
info:     obs-outputs.so
info:     obs-libfdk.so
info:     obs-filters.so
info:     obs-ffmpeg.so
info:     obs-browser.so
info:     linux-v4l2.so
info:     linux-pulseaudio.so
info:     linux-jack.so
info:     linux-decklink.so
info:     linux-capture.so
info:     linux-alsa.so
info:     image-source.so
info:     frontend-tools.so
info:     decklink-ouput-ui.so
info: ---------------------------------
info: ==== Startup complete ===============================================
info: All scene data cleared
info: ------------------------------------------------
info: v4l2-input: Start capture from 
info: v4l2-input: Start capture from /dev/video5
info: v4l2-input: Start capture from /dev/video1
info: v4l2-input: Input: 0
info: v4l2-input: Resolution: 640x480
info: v4l2-input: Pixelformat: BGR3
info: v4l2-input: Linesize: 1920 Bytes
info: v4l2-input: Framerate: 30,00 fps
info: v4l2-input: Start capture from /dev/video2
info: v4l2-input: Input: 0
info: v4l2-input: Resolution: 640x480
info: v4l2-input: Pixelformat: YUYV
info: v4l2-input: Linesize: 1280 Bytes
info: v4l2-input: Framerate: 30,00 fps
info: Switched to scene 'Scene'
info: Starting recording due to command line parameter
info: ------------------------------------------------
info: Loaded scenes:
info: - scene 'Scene':
info:     - source: 'Video Capture Device (V4L2)' (v4l2_input)
info:     - source: 'Video Capture Device (V4L2) 2' (v4l2_input)
info:     - source: 'Video Capture Device (V4L2) 3' (v4l2_input)
info:     - source: 'Video Capture Device (V4L2) 4' (v4l2_input)
info:     - source: 'Window Capture (Xcomposite)' (xcomposite_input)
info: ------------------------------------------------
info: ---------------------------------
info: [x264 encoder: 'simple_h264_stream'] preset: veryfast
info: [x264 encoder: 'simple_h264_stream'] settings:
	rate_control: CBR
	bitrate:      2500
	buffer size:  2500
	crf:          0
	fps_num:      30
	fps_den:      1
	width:        1280
	height:       720
	keyint:       250

info: libfdk_aac encoder created
info: libfdk_aac bitrate: 160, channels: 2
info: ==== Recording Start ===============================================
info: [ffmpeg muxer: 'simple_file_output'] Writing file '/home/dvic/logitech_camera_LOGS/2021-07-24 12-09-20.mkv'...
Attempted path: share/obs/obs-studio/images/overflow.png
Attempted path: /usr/share/obs/obs-studio/images/overflow.png
info: ==== Shutting down ==================================================
info: v4l2-input: Stopped capture after 27 frames
info: v4l2-input: Stopped capture after 53 frames
info: All scene data cleared
info: ------------------------------------------------
info: [ffmpeg muxer: 'simple_file_output'] Output of file '/home/dvic/logitech_camera_LOGS/2021-07-24 12-09-20.mkv' stopped
info: Output 'simple_file_output': stopping
info: Output 'simple_file_output': Total frames output: 54
info: Output 'simple_file_output': Total drawn frames: 81
info: libfdk_aac encoder destroyed
info: [Scripting] Total detached callbacks: 0
info: Freeing OBS context data
info: == Profiler Results =============================
info: run_program_init: 1323,02 ms
info:  ┣OBSApp::AppInit: 3,098 ms
info:  ┃ ┗OBSApp::InitLocale: 1,397 ms
info:  ┗OBSApp::OBSInit: 1220,68 ms
info:    ┣obs_startup: 19,237 ms
info:    ┗OBSBasic::OBSInit: 1141,14 ms
info:      ┣OBSBasic::InitBasicConfig: 0,117 ms
info:      ┣OBSBasic::ResetAudio: 0,191 ms
info:      ┣OBSBasic::ResetVideo: 87,336 ms
info:      ┣OBSBasic::InitOBSCallbacks: 0,003 ms
info:      ┣OBSBasic::InitHotkeys: 0,036 ms
info:      ┣obs_load_all_modules: 109,077 ms
info:      ┃ ┣obs_init_module(decklink-ouput-ui.so): 0,467 ms
info:      ┃ ┣obs_init_module(frontend-tools.so): 45,744 ms
info:      ┃ ┣obs_init_module(image-source.so): 0,006 ms
info:      ┃ ┣obs_init_module(linux-alsa.so): 0,003 ms
info:      ┃ ┣obs_init_module(linux-capture.so): 0,273 ms
info:      ┃ ┣obs_init_module(linux-decklink.so): 0,137 ms
info:      ┃ ┣obs_init_module(linux-jack.so): 0,002 ms
info:      ┃ ┣obs_init_module(linux-pulseaudio.so): 0,003 ms
info:      ┃ ┣obs_init_module(linux-v4l2.so): 0,002 ms
info:      ┃ ┣obs_init_module(obs-browser.so): 0,045 ms
info:      ┃ ┣obs_init_module(obs-ffmpeg.so): 0,274 ms
info:      ┃ ┃ ┗nvenc_check: 0,222 ms
info:      ┃ ┣obs_init_module(obs-filters.so): 0,027 ms
info:      ┃ ┣obs_init_module(obs-libfdk.so): 0,002 ms
info:      ┃ ┣obs_init_module(obs-outputs.so): 0,002 ms
info:      ┃ ┣obs_init_module(obs-transitions.so): 0,009 ms
info:      ┃ ┣obs_init_module(obs-vst.so): 0,003 ms
info:      ┃ ┣obs_init_module(obs-x264.so): 0,002 ms
info:      ┃ ┣obs_init_module(rtmp-services.so): 0,573 ms
info:      ┃ ┣obs_init_module(text-freetype2.so): 0,011 ms
info:      ┃ ┗obs_init_module(vlc-video.so): 1,087 ms
info:      ┣OBSBasic::ResetOutputs: 0,114 ms
info:      ┣OBSBasic::CreateHotkeys: 0,042 ms
info:      ┣OBSBasic::InitService: 1,189 ms
info:      ┣OBSBasic::InitPrimitives: 0,144 ms
info:      ┗OBSBasic::Load: 847,332 ms
info: obs_hotkey_thread(25 ms): min=0,065 ms, median=0,181 ms, max=11,131 ms, 99th percentile=6,378 ms, 100% below 25 ms
info: audio_thread(Audio): min=0,011 ms, median=0,148 ms, max=0,8 ms, 99th percentile=0,442 ms
info:  ┗receive_audio: min=0,004 ms, median=0,142 ms, max=0,719 ms, 99th percentile=0,416 ms, 0,688172 calls per parent call
info:    ┣buffer_audio: min=0,001 ms, median=0,001 ms, max=0,025 ms, 99th percentile=0,009 ms
info:    ┗do_encode: min=0,086 ms, median=0,142 ms, max=0,71 ms, 99th percentile=0,294 ms
info:      ┗encode(simple_aac): min=0,081 ms, median=0,134 ms, max=0,285 ms, 99th percentile=0,276 ms
info: obs_graphics_thread(33,3333 ms): min=0,105 ms, median=1,625 ms, max=817,1 ms, 99th percentile=817,1 ms, 98,913% below 33,333 ms
info:  ┣tick_sources: min=0 ms, median=0,09 ms, max=816,861 ms, 99th percentile=816,861 ms
info:  ┣output_frame: min=0,078 ms, median=0,93 ms, max=3,411 ms, 99th percentile=3,411 ms
info:  ┃ ┣gs_context(video->graphics): min=0,078 ms, median=0,434 ms, max=2,792 ms, 99th percentile=2,792 ms
info:  ┃ ┃ ┣render_video: min=0,035 ms, median=0,358 ms, max=2,648 ms, 99th percentile=2,648 ms
info:  ┃ ┃ ┃ ┣render_main_texture: min=0,031 ms, median=0,251 ms, max=2,48 ms, 99th percentile=2,48 ms
info:  ┃ ┃ ┃ ┣render_output_texture: min=0,02 ms, median=0,037 ms, max=0,332 ms, 99th percentile=0,332 ms, 0,880435 calls per parent call
info:  ┃ ┃ ┃ ┣render_convert_texture: min=0,02 ms, median=0,034 ms, max=0,234 ms, 99th percentile=0,234 ms, 0,880435 calls per parent call
info:  ┃ ┃ ┃ ┗stage_output_texture: min=0,013 ms, median=0,023 ms, max=0,856 ms, 99th percentile=0,856 ms, 0,880435 calls per parent call
info:  ┃ ┃ ┣gs_flush: min=0,032 ms, median=0,057 ms, max=0,226 ms, 99th percentile=0,226 ms
info:  ┃ ┃ ┗download_frame: min=0 ms, median=0,006 ms, max=0,021 ms, 99th percentile=0,021 ms, 0,880435 calls per parent call
info:  ┃ ┗output_video_data: min=0,217 ms, median=0,331 ms, max=1,342 ms, 99th percentile=1,342 ms, 0,869565 calls per parent call
info:  ┗render_displays: min=0,003 ms, median=0,546 ms, max=12,231 ms, 99th percentile=12,231 ms
info: video_thread(video): min=0,7 ms, median=1,543 ms, max=3,932 ms, 99th percentile=3,932 ms
info:  ┗receive_video: min=0,699 ms, median=1,541 ms, max=3,928 ms, 99th percentile=3,928 ms
info:    ┗do_encode: min=0,698 ms, median=1,54 ms, max=3,926 ms, 99th percentile=3,926 ms
info:      ┗encode(simple_h264_stream): min=0,688 ms, median=1,526 ms, max=3,924 ms, 99th percentile=3,924 ms
info: =================================================
info: == Profiler Time Between Calls ==================
info: obs_hotkey_thread(25 ms): min=25,128 ms, median=25,268 ms, max=36,198 ms, 85,0649% within ±2% of 25 ms (0% lower, 14,9351% higher)
info: obs_graphics_thread(33,3333 ms): min=16,234 ms, median=33,333 ms, max=817,109 ms, 97,8022% within ±2% of 33,333 ms (1,0989% lower, 1,0989% higher)
info: =================================================
info: Number of memory leaks: 0
