[rosmaster.main][INFO] 2021-07-24 12:15:51,920: initialization complete, waiting for shutdown
[rosmaster.main][INFO] 2021-07-24 12:15:51,920: Starting ROS Master Node
[xmlrpc][INFO] 2021-07-24 12:15:51,921: XML-RPC server binding to 0.0.0.0:11311
[xmlrpc][INFO] 2021-07-24 12:15:51,921: Started XML-RPC server [http://feuuu:11311/]
[rosmaster.master][INFO] 2021-07-24 12:15:51,921: Master initialized: port[11311], uri[http://feuuu:11311/]
[xmlrpc][INFO] 2021-07-24 12:15:51,921: xml rpc node: starting XML-RPC server
[rosmaster.master][INFO] 2021-07-24 12:15:51,952: +PARAM [/run_id] by /roslaunch
[rosmaster.master][INFO] 2021-07-24 12:15:51,953: +PARAM [/roslaunch/uris/host_feuuu__45015] by /roslaunch
[rosmaster.master][INFO] 2021-07-24 12:15:52,104: +PARAM [/markerConfigurations/1/offset] by /roslaunch
[rosmaster.master][INFO] 2021-07-24 12:15:52,105: +PARAM [/crazyflieTypes/large/firmwareParams/ctrlMel/kw_xy] by /roslaunch
[rosmaster.master][INFO] 2021-07-24 12:15:52,105: +PARAM [/crazyflieTypes/CF21SingleMarker/firmwareParams/ctrlMel/kw_z] by /roslaunch
[rosmaster.master][INFO] 2021-07-24 12:15:52,105: +PARAM [/crazyflieTypes/default/firmwareParams/ctrlMel/kd_z] by /roslaunch
[rosmaster.master][INFO] 2021-07-24 12:15:52,105: +PARAM [/crazyswarm_teleop/timescale] by /roslaunch
[rosmaster.master][INFO] 2021-07-24 12:15:52,105: +PARAM [/crazyflieTypes/default/firmwareParams/ctrlMel/i_range_xy] by /roslaunch
[rosmaster.master][INFO] 2021-07-24 12:15:52,105: +PARAM [/crazyflieTypes/CF21SingleMarker/firmwareParams/ctrlMel/kp_xy] by /roslaunch
[rosmaster.master][INFO] 2021-07-24 12:15:52,105: +PARAM [/crazyflieTypes/CF21SingleMarker/firmwareParams/kalman/pNAcc_xy] by /roslaunch
[rosmaster.master][INFO] 2021-07-24 12:15:52,105: +PARAM [/crazyswarm_server/firmwareParams/ring/solidGreen] by /roslaunch
[rosmaster.master][INFO] 2021-07-24 12:15:52,105: +PARAM [/crazyswarm_server/optitrack_host_name] by /roslaunch
[rosmaster.master][INFO] 2021-07-24 12:15:52,106: +SERVICE [/rosout/get_loggers] /rosout http://feuuu:40767/
[rosmaster.master][INFO] 2021-07-24 12:15:52,106: +PARAM [/crazyflieTypes/CF21SingleMarker/markerConfiguration] by /roslaunch
[rosmaster.master][INFO] 2021-07-24 12:15:52,106: +PARAM [/crazyflieTypes/CF21SingleMarker/firmwareParams/ctrlMel/kd_xy] by /roslaunch
[rosmaster.master][INFO] 2021-07-24 12:15:52,106: +SERVICE [/rosout/set_logger_level] /rosout http://feuuu:40767/
[rosmaster.master][INFO] 2021-07-24 12:15:52,107: +PARAM [/crazyflieTypes/defaultSingleMarker/firmwareParams/ctrlMel/kp_xy] by /roslaunch
[rosmaster.master][INFO] 2021-07-24 12:15:52,107: +PARAM [/crazyflieTypes/CF21SingleMarker/firmwareParams/ctrlMel/ki_m_z] by /roslaunch
[rosmaster.master][INFO] 2021-07-24 12:15:52,107: +PARAM [/crazyflieTypes/default/firmwareParams/ctrlMel/mass] by /roslaunch
[rosmaster.master][INFO] 2021-07-24 12:15:52,107: +PARAM [/crazyflieTypes/CF21SingleMarker/firmwareParams/ctrlMel/i_range_m_z] by /roslaunch
[rosmaster.master][INFO] 2021-07-24 12:15:52,108: +PUB [/rosout_agg] /rosout http://feuuu:40767/
[rosmaster.master][INFO] 2021-07-24 12:15:52,108: +PARAM [/crazyswarm_server/firmwareParams/ring/effect] by /roslaunch
[rosmaster.master][INFO] 2021-07-24 12:15:52,108: +PARAM [/crazyswarm_server/enable_parameters] by /roslaunch
[rosmaster.master][INFO] 2021-07-24 12:15:52,108: +PARAM [/crazyswarm_server/optitrack_client_name] by /roslaunch
[rosmaster.master][INFO] 2021-07-24 12:15:52,109: +PARAM [/crazyflieTypes/default/firmwareParams/ctrlMel/kw_z] by /roslaunch
[rosmaster.master][INFO] 2021-07-24 12:15:52,109: +PARAM [/dynamicsConfigurations/0/maxXVelocity] by /roslaunch
[rosmaster.master][INFO] 2021-07-24 12:15:52,109: +PARAM [/crazyflieTypes/medium/firmwareParams/ctrlMel/kp_xy] by /roslaunch
[rosmaster.master][INFO] 2021-07-24 12:15:52,110: +PARAM [/crazyswarm_server/save_point_clouds] by /roslaunch
[rosmaster.master][INFO] 2021-07-24 12:15:52,110: +SUB [/rosout] /rosout http://feuuu:40767/
[rosmaster.master][INFO] 2021-07-24 12:15:52,110: +PARAM [/crazyswarm_server/print_latency] by /roslaunch
[rosmaster.master][INFO] 2021-07-24 12:15:52,110: +PARAM [/crazyflieTypes/medium/firmwareParams/ctrlMel/kR_z] by /roslaunch
[rosmaster.master][INFO] 2021-07-24 12:15:52,110: +PARAM [/crazyflieTypes/large/bigQuad] by /roslaunch
[rosmaster.master][INFO] 2021-07-24 12:15:52,111: +PARAM [/markerConfigurations/1/points/3] by /roslaunch
[rosmaster.master][INFO] 2021-07-24 12:15:52,111: +PARAM [/crazyflieTypes/CF21SingleMarker/firmwareParams/ctrlMel/kw_xy] by /roslaunch
[rosmaster.master][INFO] 2021-07-24 12:15:52,111: +PARAM [/markerConfigurations/1/points/2] by /roslaunch
[rosmaster.master][INFO] 2021-07-24 12:15:52,111: +PARAM [/crazyflieTypes/large/markerConfiguration] by /roslaunch
[rosmaster.master][INFO] 2021-07-24 12:15:52,111: +PARAM [/crazyswarm_server/genericLogTopics] by /roslaunch
[rosmaster.master][INFO] 2021-07-24 12:15:52,111: +PARAM [/crazyflieTypes/defaultSingleMarker/firmwareParams/ctrlMel/i_range_xy] by /roslaunch
[rosmaster.master][INFO] 2021-07-24 12:15:52,111: +PARAM [/crazyflieTypes/medium/firmwareParams/ctrlMel/ki_xy] by /roslaunch
[rosmaster.master][INFO] 2021-07-24 12:15:52,111: +PARAM [/crazyflieTypes/defaultSingleMarker/firmwareParams/kalman/mNGyro_rollpitch] by /roslaunch
[rosmaster.master][INFO] 2021-07-24 12:15:52,111: +PARAM [/markerConfigurations/1/points/0] by /roslaunch
[rosmaster.master][INFO] 2021-07-24 12:15:52,111: +PARAM [/crazyflieTypes/CF21SingleMarker/firmwareParams/ctrlMel/i_range_xy] by /roslaunch
[rosmaster.master][INFO] 2021-07-24 12:15:52,111: +PARAM [/crazyflieTypes/large/firmwareParams/ctrlMel/kd_xy] by /roslaunch
[rosmaster.master][INFO] 2021-07-24 12:15:52,111: +PARAM [/crazyflieTypes/large/dynamicsConfiguration] by /roslaunch
[rosmaster.master][INFO] 2021-07-24 12:15:52,111: +PARAM [/crazyflieTypes/defaultSingleMarker/batteryVoltageWarning] by /roslaunch
[rosmaster.master][INFO] 2021-07-24 12:15:52,111: +PARAM [/markerConfigurations/2/offset] by /roslaunch
[rosmaster.master][INFO] 2021-07-24 12:15:52,112: +PARAM [/crazyswarm_server/genericLogTopic_log1_Variables] by /roslaunch
[rosmaster.master][INFO] 2021-07-24 12:15:52,112: +PARAM [/crazyflieTypes/large/firmwareParams/ctrlMel/kR_z] by /roslaunch
[rosmaster.master][INFO] 2021-07-24 12:15:52,112: +PARAM [/crazyflieTypes/medium/firmwareParams/ctrlMel/kp_z] by /roslaunch
[rosmaster.master][INFO] 2021-07-24 12:15:52,112: +PARAM [/crazyflieTypes/large/firmwareParams/ctrlMel/kd_omega_rp] by /roslaunch
[rosmaster.master][INFO] 2021-07-24 12:15:52,112: +PARAM [/crazyflieTypes/medium/markerConfiguration] by /roslaunch
[rosmaster.master][INFO] 2021-07-24 12:15:52,112: +PARAM [/markerConfigurations/0/offset] by /roslaunch
[rosmaster.master][INFO] 2021-07-24 12:15:52,112: +PARAM [/crazyswarm_server/genericLogTopicFrequencies] by /roslaunch
[rosmaster.master][INFO] 2021-07-24 12:15:52,112: +PARAM [/dynamicsConfigurations/0/maxRollRate] by /roslaunch
[rosmaster.master][INFO] 2021-07-24 12:15:52,112: +PARAM [/crazyflieTypes/default/dynamicsConfiguration] by /roslaunch
[rosmaster.master][INFO] 2021-07-24 12:15:52,112: +PARAM [/crazyflieTypes/medium/firmwareParams/ctrlMel/kd_xy] by /roslaunch
[rosmaster.master][INFO] 2021-07-24 12:15:52,112: +PARAM [/crazyflieTypes/medium/firmwareParams/ctrlMel/i_range_z] by /roslaunch
[rosmaster.master][INFO] 2021-07-24 12:15:52,112: +PARAM [/markerConfigurations/3/offset] by /roslaunch
[rosmaster.master][INFO] 2021-07-24 12:15:52,112: +PARAM [/crazyflieTypes/large/firmwareParams/ctrlMel/kR_xy] by /roslaunch
[rosmaster.master][INFO] 2021-07-24 12:15:52,112: +PARAM [/crazyflieTypes/CF21SingleMarker/firmwareParams/ctrlMel/kR_z] by /roslaunch
[rosmaster.master][INFO] 2021-07-24 12:15:52,112: +PARAM [/crazyflieTypes/defaultSingleMarker/dynamicsConfiguration] by /roslaunch
[rosmaster.master][INFO] 2021-07-24 12:15:52,112: +PARAM [/crazyflieTypes/default/firmwareParams/ctrlMel/kR_xy] by /roslaunch
[rosmaster.master][INFO] 2021-07-24 12:15:52,113: +PARAM [/crazyflieTypes/medium/firmwareParams/ctrlMel/massThrust] by /roslaunch
[rosmaster.master][INFO] 2021-07-24 12:15:52,113: +PARAM [/crazyflieTypes/defaultSingleMarker/firmwareParams/ctrlMel/kd_z] by /roslaunch
[rosmaster.master][INFO] 2021-07-24 12:15:52,113: +PARAM [/markerConfigurations/3/numPoints] by /roslaunch
[rosmaster.master][INFO] 2021-07-24 12:15:52,113: +PARAM [/crazyswarm_server/object_tracking_type] by /roslaunch
[rosmaster.master][INFO] 2021-07-24 12:15:52,113: +PARAM [/crazyflies] by /roslaunch
[rosmaster.master][INFO] 2021-07-24 12:15:52,113: +PARAM [/crazyflieTypes/CF21SingleMarker/bigQuad] by /roslaunch
[rosmaster.master][INFO] 2021-07-24 12:15:52,113: +PARAM [/crazyflieTypes/medium/batteryVoltageWarning] by /roslaunch
[rosmaster.master][INFO] 2021-07-24 12:15:52,113: +PARAM [/crazyflieTypes/large/firmwareParams/ctrlMel/i_range_m_z] by /roslaunch
[rosmaster.master][INFO] 2021-07-24 12:15:52,113: +PARAM [/rosdistro] by /roslaunch
[rosmaster.master][INFO] 2021-07-24 12:15:52,113: +PARAM [/dynamicsConfigurations/0/maxYVelocity] by /roslaunch
[rosmaster.master][INFO] 2021-07-24 12:15:52,113: +PARAM [/crazyflieTypes/defaultSingleMarker/firmwareParams/kalman/pNAcc_xy] by /roslaunch
[rosmaster.master][INFO] 2021-07-24 12:15:52,113: +PARAM [/markerConfigurations/1/numPoints] by /roslaunch
[rosmaster.master][INFO] 2021-07-24 12:15:52,113: +PARAM [/crazyswarm_server/world_frame] by /roslaunch
[rosmaster.master][INFO] 2021-07-24 12:15:52,113: +PARAM [/crazyflieTypes/default/firmwareParams/ctrlMel/ki_xy] by /roslaunch
[rosmaster.master][INFO] 2021-07-24 12:15:52,113: +PARAM [/numDynamicsConfigurations] by /roslaunch
[rosmaster.master][INFO] 2021-07-24 12:15:52,113: +PARAM [/crazyflieTypes/defaultSingleMarker/firmwareParams/ctrlMel/massThrust] by /roslaunch
[rosmaster.master][INFO] 2021-07-24 12:15:52,114: +PARAM [/crazyflieTypes/CF21SingleMarker/batteryVoltateCritical] by /roslaunch
[rosmaster.master][INFO] 2021-07-24 12:15:52,114: +PARAM [/crazyflieTypes/default/firmwareParams/ctrlMel/kd_xy] by /roslaunch
[rosmaster.master][INFO] 2021-07-24 12:15:52,114: +PARAM [/markerConfigurations/0/numPoints] by /roslaunch
[rosmaster.master][INFO] 2021-07-24 12:15:52,114: +PARAM [/crazyflieTypes/medium/firmwareParams/ctrlMel/kd_omega_rp] by /roslaunch
[rosmaster.master][INFO] 2021-07-24 12:15:52,114: +PARAM [/crazyflieTypes/CF21SingleMarker/firmwareParams/ctrlMel/kd_omega_rp] by /roslaunch
[rosmaster.master][INFO] 2021-07-24 12:15:52,114: +PARAM [/crazyflieTypes/CF21SingleMarker/firmwareParams/ctrlMel/kR_xy] by /roslaunch
[rosmaster.master][INFO] 2021-07-24 12:15:52,114: +PARAM [/crazyflieTypes/defaultSingleMarker/firmwareParams/ctrlMel/ki_z] by /roslaunch
[rosmaster.master][INFO] 2021-07-24 12:15:52,114: +PARAM [/crazyflieTypes/defaultSingleMarker/firmwareParams/ctrlMel/kd_omega_rp] by /roslaunch
[rosmaster.master][INFO] 2021-07-24 12:15:52,114: +PARAM [/crazyflieTypes/large/firmwareParams/ctrlMel/kp_z] by /roslaunch
[rosmaster.master][INFO] 2021-07-24 12:15:52,114: +PARAM [/crazyflieTypes/defaultSingleMarker/firmwareParams/ctrlMel/kR_z] by /roslaunch
[rosmaster.master][INFO] 2021-07-24 12:15:52,114: +PARAM [/crazyflieTypes/medium/firmwareParams/ctrlMel/kd_z] by /roslaunch
[rosmaster.master][INFO] 2021-07-24 12:15:52,114: +PARAM [/crazyflieTypes/default/firmwareParams/ctrlMel/kp_z] by /roslaunch
[rosmaster.master][INFO] 2021-07-24 12:15:52,114: +PARAM [/crazyflieTypes/defaultSingleMarker/firmwareParams/ctrlMel/ki_xy] by /roslaunch
[rosmaster.master][INFO] 2021-07-24 12:15:52,114: +PARAM [/crazyswarm_teleop/csv_file] by /roslaunch
[rosmaster.master][INFO] 2021-07-24 12:15:52,114: +PARAM [/crazyflieTypes/CF21SingleMarker/firmwareParams/ctrlMel/massThrust] by /roslaunch
[rosmaster.master][INFO] 2021-07-24 12:15:52,114: +PARAM [/crazyflieTypes/default/firmwareParams/ctrlMel/massThrust] by /roslaunch
[rosmaster.master][INFO] 2021-07-24 12:15:52,115: +PARAM [/crazyflieTypes/medium/firmwareParams/ctrlMel/mass] by /roslaunch
[rosmaster.master][INFO] 2021-07-24 12:15:52,115: +PARAM [/crazyswarm_server/firmwareParams/commander/enHighLevel] by /roslaunch
[rosmaster.master][INFO] 2021-07-24 12:15:52,115: +PARAM [/crazyswarm_server/send_position_only] by /roslaunch
[rosmaster.master][INFO] 2021-07-24 12:15:52,115: +PARAM [/crazyflieTypes/defaultSingleMarker/firmwareParams/ctrlMel/kp_z] by /roslaunch
[rosmaster.master][INFO] 2021-07-24 12:15:52,115: +PARAM [/crazyflieTypes/medium/dynamicsConfiguration] by /roslaunch
[rosmaster.master][INFO] 2021-07-24 12:15:52,115: +PARAM [/crazyflieTypes/CF21SingleMarker/firmwareParams/ctrlMel/mass] by /roslaunch
[rosmaster.master][INFO] 2021-07-24 12:15:52,115: +PARAM [/markerConfigurations/1/points/1] by /roslaunch
[rosmaster.master][INFO] 2021-07-24 12:15:52,115: +PARAM [/crazyflieTypes/defaultSingleMarker/firmwareParams/ctrlMel/kd_xy] by /roslaunch
[rosmaster.master][INFO] 2021-07-24 12:15:52,115: +PARAM [/dynamicsConfigurations/0/maxYawRate] by /roslaunch
[rosmaster.master][INFO] 2021-07-24 12:15:52,115: +PARAM [/dynamicsConfigurations/0/maxRoll] by /roslaunch
[rosmaster.master][INFO] 2021-07-24 12:15:52,115: +PARAM [/dynamicsConfigurations/0/maxPitchRate] by /roslaunch
[rosmaster.master][INFO] 2021-07-24 12:15:52,116: +PARAM [/crazyflieTypes/large/firmwareParams/ctrlMel/ki_z] by /roslaunch
[rosmaster.master][INFO] 2021-07-24 12:15:52,116: +PARAM [/crazyflieTypes/medium/firmwareParams/ctrlMel/kw_xy] by /roslaunch
[rosmaster.master][INFO] 2021-07-24 12:15:52,116: +PARAM [/crazyflieTypes/default/firmwareParams/ctrlMel/kp_xy] by /roslaunch
[rosmaster.master][INFO] 2021-07-24 12:15:52,116: +PARAM [/crazyflieTypes/default/firmwareParams/ctrlMel/ki_z] by /roslaunch
[rosmaster.master][INFO] 2021-07-24 12:15:52,116: +PARAM [/crazyflieTypes/CF21SingleMarker/dynamicsConfiguration] by /roslaunch
[rosmaster.master][INFO] 2021-07-24 12:15:52,116: +PARAM [/dynamicsConfigurations/0/maxZVelocity] by /roslaunch
[rosmaster.master][INFO] 2021-07-24 12:15:52,116: +PARAM [/crazyflieTypes/large/firmwareParams/ctrlMel/kw_z] by /roslaunch
[rosmaster.master][INFO] 2021-07-24 12:15:52,116: +PARAM [/crazyflieTypes/CF21SingleMarker/batteryVoltageWarning] by /roslaunch
[rosmaster.master][INFO] 2021-07-24 12:15:52,116: +PARAM [/crazyswarm_server/firmwareParams/locSrv/extPosStdDev] by /roslaunch
[rosmaster.master][INFO] 2021-07-24 12:15:52,116: +PARAM [/crazyflieTypes/CF21SingleMarker/firmwareParams/ctrlMel/ki_z] by /roslaunch
[rosmaster.master][INFO] 2021-07-24 12:15:52,116: +PARAM [/numMarkerConfigurations] by /roslaunch
[rosmaster.master][INFO] 2021-07-24 12:15:52,116: +PARAM [/crazyflieTypes/CF21SingleMarker/firmwareParams/ctrlMel/kd_z] by /roslaunch
[rosmaster.master][INFO] 2021-07-24 12:15:52,117: +PARAM [/crazyswarm_server/firmwareParams/stabilizer/estimator] by /roslaunch
[rosmaster.master][INFO] 2021-07-24 12:15:52,117: +PARAM [/crazyflieTypes/defaultSingleMarker/firmwareParams/ctrlMel/i_range_z] by /roslaunch
[rosmaster.master][INFO] 2021-07-24 12:15:52,117: +PARAM [/crazyflieTypes/CF21SingleMarker/firmwareParams/ctrlMel/i_range_z] by /roslaunch
[rosmaster.master][INFO] 2021-07-24 12:15:52,117: +PARAM [/crazyflieTypes/medium/firmwareParams/ctrlMel/ki_z] by /roslaunch
[rosmaster.master][INFO] 2021-07-24 12:15:52,117: +PARAM [/crazyflieTypes/defaultSingleMarker/bigQuad] by /roslaunch
[rosmaster.master][INFO] 2021-07-24 12:15:52,117: +PARAM [/crazyflieTypes/default/firmwareParams/ctrlMel/kR_z] by /roslaunch
[rosmaster.master][INFO] 2021-07-24 12:15:52,117: +PARAM [/markerConfigurations/2/points/2] by /roslaunch
[rosmaster.master][INFO] 2021-07-24 12:15:52,117: +PARAM [/markerConfigurations/2/points/3] by /roslaunch
[rosmaster.master][INFO] 2021-07-24 12:15:52,117: +PARAM [/crazyflieTypes/large/firmwareParams/ctrlMel/ki_xy] by /roslaunch
[rosmaster.master][INFO] 2021-07-24 12:15:52,117: +PARAM [/markerConfigurations/2/points/1] by /roslaunch
[rosmaster.master][INFO] 2021-07-24 12:15:52,117: +PARAM [/crazyflieTypes/defaultSingleMarker/firmwareParams/ctrlMel/kw_xy] by /roslaunch
[rosmaster.master][INFO] 2021-07-24 12:15:52,118: +PARAM [/crazyflieTypes/medium/firmwareParams/ctrlMel/kw_z] by /roslaunch
[rosmaster.master][INFO] 2021-07-24 12:15:52,118: +PARAM [/crazyflieTypes/defaultSingleMarker/batteryVoltateCritical] by /roslaunch
[rosmaster.master][INFO] 2021-07-24 12:15:52,118: +PARAM [/crazyflieTypes/CF21SingleMarker/firmwareParams/ctrlMel/ki_xy] by /roslaunch
[rosmaster.master][INFO] 2021-07-24 12:15:52,118: +PARAM [/crazyswarm_server/firmwareParams/ring/headlightEnable] by /roslaunch
[rosmaster.master][INFO] 2021-07-24 12:15:52,118: +PARAM [/crazyflieTypes/large/batteryVoltageWarning] by /roslaunch
[rosmaster.master][INFO] 2021-07-24 12:15:52,118: +PARAM [/crazyswarm_server/firmwareParams/ring/solidRed] by /roslaunch
[rosmaster.master][INFO] 2021-07-24 12:15:52,118: +PARAM [/crazyswarm_server/optitrack_base_port] by /roslaunch
[rosmaster.master][INFO] 2021-07-24 12:15:52,118: +PARAM [/crazyflieTypes/default/bigQuad] by /roslaunch
[rosmaster.master][INFO] 2021-07-24 12:15:52,118: +PARAM [/crazyflieTypes/medium/firmwareParams/ctrlMel/ki_m_z] by /roslaunch
[rosmaster.master][INFO] 2021-07-24 12:15:52,118: +PARAM [/crazyflieTypes/default/firmwareParams/ctrlMel/kw_xy] by /roslaunch
[rosmaster.master][INFO] 2021-07-24 12:15:52,118: +PARAM [/crazyflieTypes/medium/firmwareParams/ctrlMel/kR_xy] by /roslaunch
[rosmaster.master][INFO] 2021-07-24 12:15:52,119: +PARAM [/crazyflieTypes/defaultSingleMarker/markerConfiguration] by /roslaunch
[rosmaster.master][INFO] 2021-07-24 12:15:52,119: +PARAM [/crazyflieTypes/defaultSingleMarker/firmwareParams/ctrlMel/kR_xy] by /roslaunch
[rosmaster.master][INFO] 2021-07-24 12:15:52,119: +PARAM [/markerConfigurations/3/points/0] by /roslaunch
[rosmaster.master][INFO] 2021-07-24 12:15:52,119: +PARAM [/crazyflieTypes/defaultSingleMarker/firmwareParams/kalman/pNAcc_z] by /roslaunch
[rosmaster.master][INFO] 2021-07-24 12:15:52,119: +PARAM [/crazyflieTypes/default/batteryVoltateCritical] by /roslaunch
[rosmaster.master][INFO] 2021-07-24 12:15:52,119: +PARAM [/crazyflieTypes/large/firmwareParams/ctrlMel/ki_m_z] by /roslaunch
[rosmaster.master][INFO] 2021-07-24 12:15:52,119: +PARAM [/crazyflieTypes/CF21SingleMarker/firmwareParams/kalman/mNGyro_yaw] by /roslaunch
[rosmaster.master][INFO] 2021-07-24 12:15:52,119: +PARAM [/crazyflieTypes/defaultSingleMarker/firmwareParams/ctrlMel/kw_z] by /roslaunch
[rosmaster.master][INFO] 2021-07-24 12:15:52,119: +PARAM [/dynamicsConfigurations/0/maxFitnessScore] by /roslaunch
[rosmaster.master][INFO] 2021-07-24 12:15:52,119: +PARAM [/crazyflieTypes/large/firmwareParams/ctrlMel/massThrust] by /roslaunch
[rosmaster.master][INFO] 2021-07-24 12:15:52,119: +PARAM [/crazyflieTypes/CF21SingleMarker/firmwareParams/ctrlMel/kp_z] by /roslaunch
[rosmaster.master][INFO] 2021-07-24 12:15:52,119: +PARAM [/markerConfigurations/0/points/0] by /roslaunch
[rosmaster.master][INFO] 2021-07-24 12:15:52,120: +PARAM [/markerConfigurations/0/points/1] by /roslaunch
[rosmaster.master][INFO] 2021-07-24 12:15:52,120: +PARAM [/markerConfigurations/0/points/2] by /roslaunch
[rosmaster.master][INFO] 2021-07-24 12:15:52,120: +PARAM [/crazyswarm_server/motion_capture_type] by /roslaunch
[rosmaster.master][INFO] 2021-07-24 12:15:52,120: +PARAM [/crazyflieTypes/large/firmwareParams/ctrlMel/kp_xy] by /roslaunch
[rosmaster.master][INFO] 2021-07-24 12:15:52,120: +PARAM [/crazyflieTypes/defaultSingleMarker/firmwareParams/ctrlMel/mass] by /roslaunch
[rosmaster.master][INFO] 2021-07-24 12:15:52,120: +PARAM [/crazyswarm_server/firmwareParams/ring/solidBlue] by /roslaunch
[rosmaster.master][INFO] 2021-07-24 12:15:52,120: +PARAM [/crazyflieTypes/medium/firmwareParams/ctrlMel/i_range_xy] by /roslaunch
[rosmaster.master][INFO] 2021-07-24 12:15:52,120: +PARAM [/crazyflieTypes/CF21SingleMarker/firmwareParams/kalman/pNAcc_z] by /roslaunch
[rosmaster.master][INFO] 2021-07-24 12:15:52,120: +PARAM [/crazyflieTypes/medium/batteryVoltateCritical] by /roslaunch
[rosmaster.master][INFO] 2021-07-24 12:15:52,120: +PARAM [/crazyswarm_server/force_no_cache] by /roslaunch
[rosmaster.master][INFO] 2021-07-24 12:15:52,121: +PARAM [/crazyflieTypes/large/firmwareParams/ctrlMel/mass] by /roslaunch
[rosmaster.master][INFO] 2021-07-24 12:15:52,121: +PARAM [/crazyflieTypes/defaultSingleMarker/firmwareParams/ctrlMel/i_range_m_z] by /roslaunch
[rosmaster.master][INFO] 2021-07-24 12:15:52,121: +PARAM [/crazyflieTypes/default/markerConfiguration] by /roslaunch
[rosmaster.master][INFO] 2021-07-24 12:15:52,121: +PARAM [/crazyflieTypes/large/firmwareParams/ctrlMel/i_range_z] by /roslaunch
[rosmaster.master][INFO] 2021-07-24 12:15:52,121: +PARAM [/crazyflieTypes/medium/bigQuad] by /roslaunch
[rosmaster.master][INFO] 2021-07-24 12:15:52,121: +PARAM [/crazyflieTypes/default/firmwareParams/ctrlMel/i_range_m_z] by /roslaunch
[rosmaster.master][INFO] 2021-07-24 12:15:52,121: +PARAM [/crazyswarm_server/write_csvs] by /roslaunch
[rosmaster.master][INFO] 2021-07-24 12:15:52,122: +PARAM [/dynamicsConfigurations/0/maxPitch] by /roslaunch
[rosmaster.master][INFO] 2021-07-24 12:15:52,122: +PARAM [/crazyflieTypes/large/batteryVoltateCritical] by /roslaunch
[rosmaster.master][INFO] 2021-07-24 12:15:52,122: +PARAM [/crazyflieTypes/default/firmwareParams/ctrlMel/i_range_z] by /roslaunch
[rosmaster.master][INFO] 2021-07-24 12:15:52,122: +PARAM [/rosversion] by /roslaunch
[rosmaster.master][INFO] 2021-07-24 12:15:52,122: +PARAM [/markerConfigurations/2/points/0] by /roslaunch
[rosmaster.master][INFO] 2021-07-24 12:15:52,122: +PARAM [/markerConfigurations/2/numPoints] by /roslaunch
[rosmaster.master][INFO] 2021-07-24 12:15:52,122: +PARAM [/crazyflieTypes/CF21SingleMarker/firmwareParams/kalman/mNGyro_rollpitch] by /roslaunch
[rosmaster.master][INFO] 2021-07-24 12:15:52,122: +PARAM [/crazyflieTypes/large/firmwareParams/ctrlMel/kd_z] by /roslaunch
[rosmaster.master][INFO] 2021-07-24 12:15:52,123: +PARAM [/crazyflieTypes/default/firmwareParams/ctrlMel/ki_m_z] by /roslaunch
[rosmaster.master][INFO] 2021-07-24 12:15:52,123: +PARAM [/crazyflieTypes/defaultSingleMarker/firmwareParams/ctrlMel/ki_m_z] by /roslaunch
[rosmaster.master][INFO] 2021-07-24 12:15:52,123: +PARAM [/crazyswarm_server/firmwareParams/stabilizer/controller] by /roslaunch
[rosmaster.master][INFO] 2021-07-24 12:15:52,123: +PARAM [/crazyflieTypes/medium/firmwareParams/ctrlMel/i_range_m_z] by /roslaunch
[rosmaster.master][INFO] 2021-07-24 12:15:52,123: +PARAM [/crazyflieTypes/default/firmwareParams/ctrlMel/kd_omega_rp] by /roslaunch
[rosmaster.master][INFO] 2021-07-24 12:15:52,123: +PARAM [/crazyflieTypes/large/firmwareParams/ctrlMel/i_range_xy] by /roslaunch
[rosmaster.master][INFO] 2021-07-24 12:15:52,123: +PARAM [/crazyswarm_server/firmwareParams/kalman/resetEstimation] by /roslaunch
[rosmaster.master][INFO] 2021-07-24 12:15:52,123: +PARAM [/crazyswarm_server/enable_logging] by /roslaunch
[rosmaster.master][INFO] 2021-07-24 12:15:52,123: +PARAM [/crazyflieTypes/default/batteryVoltageWarning] by /roslaunch
[rosmaster.master][INFO] 2021-07-24 12:15:52,123: +PARAM [/crazyflieTypes/defaultSingleMarker/firmwareParams/kalman/mNGyro_yaw] by /roslaunch
[rosmaster.master][INFO] 2021-07-24 12:15:52,123: +PARAM [/crazyswarm_server/firmwareParams/locSrv/extQuatStdDev] by /roslaunch
[rosmaster.master][INFO] 2021-07-24 12:15:52,156: +PUB [/rosout] /crazyswarm_teleop http://feuuu:35319/
[rosmaster.master][INFO] 2021-07-24 12:15:52,156: +SERVICE [/crazyswarm_teleop/get_loggers] /crazyswarm_teleop http://feuuu:35319/
[rosmaster.master][INFO] 2021-07-24 12:15:52,157: +SERVICE [/crazyswarm_teleop/set_logger_level] /crazyswarm_teleop http://feuuu:35319/
[rosmaster.master][INFO] 2021-07-24 12:15:52,159: +SUB [/joy] /crazyswarm_teleop http://feuuu:35319/
[rosmaster.master][INFO] 2021-07-24 12:15:52,190: +PUB [/rosout] /crazyswarm_server http://feuuu:33509/
[rosmaster.master][INFO] 2021-07-24 12:15:52,190: +SERVICE [/crazyswarm_server/get_loggers] /crazyswarm_server http://feuuu:33509/
[rosmaster.master][INFO] 2021-07-24 12:15:52,191: +SERVICE [/crazyswarm_server/set_logger_level] /crazyswarm_server http://feuuu:33509/
[rosmaster.master][INFO] 2021-07-24 12:15:52,192: +SERVICE [/emergency] /crazyswarm_server http://feuuu:33509/
[rosmaster.master][INFO] 2021-07-24 12:15:52,192: +SERVICE [/start_trajectory] /crazyswarm_server http://feuuu:33509/
[rosmaster.master][INFO] 2021-07-24 12:15:52,192: +SERVICE [/takeoff] /crazyswarm_server http://feuuu:33509/
[rosmaster.master][INFO] 2021-07-24 12:15:52,193: +SERVICE [/land] /crazyswarm_server http://feuuu:33509/
[rosmaster.master][INFO] 2021-07-24 12:15:52,193: +SERVICE [/go_to] /crazyswarm_server http://feuuu:33509/
[rosmaster.master][INFO] 2021-07-24 12:15:52,193: +SERVICE [/update_params] /crazyswarm_server http://feuuu:33509/
[rosmaster.master][INFO] 2021-07-24 12:15:52,194: +PUB [/pointCloud] /crazyswarm_server http://feuuu:33509/
[rosmaster.master][INFO] 2021-07-24 12:15:52,195: +SUB [/virtual_interactive_object] /crazyswarm_server http://feuuu:33509/
[rosmaster.master][INFO] 2021-07-24 12:15:52,216: +PUB [/tf] /crazyswarm_server http://feuuu:33509/
[rosmaster.master][INFO] 2021-07-24 12:15:52,221: publisherUpdate[/rosout] -> http://feuuu:40767/ ['http://feuuu:35319/']
[rosmaster.master][INFO] 2021-07-24 12:15:52,222: publisherUpdate[/rosout] -> http://feuuu:40767/ ['http://feuuu:35319/']: sec=0.00, result=[1, '', 0]
[rosmaster.master][INFO] 2021-07-24 12:15:52,222: publisherUpdate[/rosout] -> http://feuuu:40767/ ['http://feuuu:35319/', 'http://feuuu:33509/']
[rosmaster.master][INFO] 2021-07-24 12:15:52,223: publisherUpdate[/rosout] -> http://feuuu:40767/ ['http://feuuu:35319/', 'http://feuuu:33509/']: sec=0.00, result=[1, '', 0]
[rosmaster.master][INFO] 2021-07-24 12:15:52,242: +SERVICE [/cf1/upload_trajectory] /crazyswarm_server http://feuuu:33509/
[rosmaster.master][INFO] 2021-07-24 12:15:52,242: +SERVICE [/cf1/start_trajectory] /crazyswarm_server http://feuuu:33509/
[rosmaster.master][INFO] 2021-07-24 12:15:52,243: +SERVICE [/cf1/takeoff] /crazyswarm_server http://feuuu:33509/
[rosmaster.master][INFO] 2021-07-24 12:15:52,244: +SERVICE [/cf1/land] /crazyswarm_server http://feuuu:33509/
[rosmaster.master][INFO] 2021-07-24 12:15:52,244: +SERVICE [/cf1/go_to] /crazyswarm_server http://feuuu:33509/
[rosmaster.master][INFO] 2021-07-24 12:15:52,244: +SERVICE [/cf1/set_group_mask] /crazyswarm_server http://feuuu:33509/
[rosmaster.master][INFO] 2021-07-24 12:15:52,245: +SERVICE [/cf1/notify_setpoints_stop] /crazyswarm_server http://feuuu:33509/
[rosmaster.master][INFO] 2021-07-24 12:15:52,247: +SUB [/cf1/cmd_vel] /crazyswarm_server http://feuuu:33509/
[rosmaster.master][INFO] 2021-07-24 12:15:52,249: +SUB [/cf1/cmd_position] /crazyswarm_server http://feuuu:33509/
[rosmaster.master][INFO] 2021-07-24 12:15:52,251: +SUB [/cf1/cmd_full_state] /crazyswarm_server http://feuuu:33509/
[rosmaster.master][INFO] 2021-07-24 12:15:52,253: +SUB [/cf1/cmd_velocity_world] /crazyswarm_server http://feuuu:33509/
[rosmaster.master][INFO] 2021-07-24 12:15:52,255: +SUB [/cf1/cmd_stop] /crazyswarm_server http://feuuu:33509/
[rosmaster.master][INFO] 2021-07-24 12:15:52,255: +PUB [/cf1/log1] /crazyswarm_server http://feuuu:33509/
[rosmaster.master][INFO] 2021-07-24 12:15:52,323: -PUB [/rosout] /crazyswarm_server http://feuuu:33509/
[rosmaster.master][INFO] 2021-07-24 12:15:52,324: -PUB [/pointCloud] /crazyswarm_server http://feuuu:33509/
[rosmaster.master][INFO] 2021-07-24 12:15:52,324: -PUB [/tf] /crazyswarm_server http://feuuu:33509/
[rosmaster.master][INFO] 2021-07-24 12:15:52,325: -PUB [/cf1/log1] /crazyswarm_server http://feuuu:33509/
[rosmaster.master][INFO] 2021-07-24 12:15:52,325: -SUB [/virtual_interactive_object] /crazyswarm_server http://feuuu:33509/
[rosmaster.master][INFO] 2021-07-24 12:15:52,326: -SUB [/cf1/cmd_vel] /crazyswarm_server http://feuuu:33509/
[rosmaster.master][INFO] 2021-07-24 12:15:52,327: -SUB [/cf1/cmd_position] /crazyswarm_server http://feuuu:33509/
[rosmaster.master][INFO] 2021-07-24 12:15:52,327: -SUB [/cf1/cmd_full_state] /crazyswarm_server http://feuuu:33509/
[rosmaster.master][INFO] 2021-07-24 12:15:52,328: -SUB [/cf1/cmd_velocity_world] /crazyswarm_server http://feuuu:33509/
[rosmaster.master][INFO] 2021-07-24 12:15:52,328: -SUB [/cf1/cmd_stop] /crazyswarm_server http://feuuu:33509/
[rosmaster.master][INFO] 2021-07-24 12:15:52,329: -SERVICE [/crazyswarm_server/get_loggers] /crazyswarm_server rosrpc://feuuu:33773
[rosmaster.master][INFO] 2021-07-24 12:15:52,329: -SERVICE [/crazyswarm_server/set_logger_level] /crazyswarm_server rosrpc://feuuu:33773
[rosmaster.master][INFO] 2021-07-24 12:15:52,330: -SERVICE [/emergency] /crazyswarm_server rosrpc://feuuu:33773
[rosmaster.master][INFO] 2021-07-24 12:15:52,330: -SERVICE [/start_trajectory] /crazyswarm_server rosrpc://feuuu:33773
[rosmaster.master][INFO] 2021-07-24 12:15:52,331: -SERVICE [/takeoff] /crazyswarm_server rosrpc://feuuu:33773
[rosmaster.master][INFO] 2021-07-24 12:15:52,331: -SERVICE [/land] /crazyswarm_server rosrpc://feuuu:33773
[rosmaster.master][INFO] 2021-07-24 12:15:52,332: -SERVICE [/go_to] /crazyswarm_server rosrpc://feuuu:33773
[rosmaster.master][INFO] 2021-07-24 12:15:52,332: -SERVICE [/update_params] /crazyswarm_server rosrpc://feuuu:33773
[rosmaster.master][INFO] 2021-07-24 12:15:52,333: -SERVICE [/cf1/upload_trajectory] /crazyswarm_server rosrpc://feuuu:33773
[rosmaster.master][INFO] 2021-07-24 12:15:52,333: -SERVICE [/cf1/start_trajectory] /crazyswarm_server rosrpc://feuuu:33773
[rosmaster.master][INFO] 2021-07-24 12:15:52,333: -SERVICE [/cf1/takeoff] /crazyswarm_server rosrpc://feuuu:33773
[rosmaster.master][INFO] 2021-07-24 12:15:52,334: -SERVICE [/cf1/land] /crazyswarm_server rosrpc://feuuu:33773
[rosmaster.master][INFO] 2021-07-24 12:15:52,334: -SERVICE [/cf1/go_to] /crazyswarm_server rosrpc://feuuu:33773
[rosmaster.master][INFO] 2021-07-24 12:15:52,334: -SERVICE [/cf1/set_group_mask] /crazyswarm_server rosrpc://feuuu:33773
[rosmaster.master][INFO] 2021-07-24 12:15:52,335: -SERVICE [/cf1/notify_setpoints_stop] /crazyswarm_server rosrpc://feuuu:33773
[rosmaster.master][INFO] 2021-07-24 12:15:52,422: publisherUpdate[/rosout] -> http://feuuu:40767/ ['http://feuuu:35319/']
[rosmaster.master][INFO] 2021-07-24 12:15:52,422: publisherUpdate[/rosout] -> http://feuuu:40767/ ['http://feuuu:35319/']: sec=0.00, result=[1, '', 0]
[rosmaster.master][INFO] 2021-07-24 12:15:52,423: -PUB [/rosout] /crazyswarm_teleop http://feuuu:35319/
[rosmaster.master][INFO] 2021-07-24 12:15:52,423: publisherUpdate[/rosout] -> http://feuuu:40767/ []
[rosmaster.master][INFO] 2021-07-24 12:15:52,424: -SUB [/joy] /crazyswarm_teleop http://feuuu:35319/
[rosmaster.master][INFO] 2021-07-24 12:15:52,424: publisherUpdate[/rosout] -> http://feuuu:40767/ []: sec=0.00, result=[1, '', 0]
[rosmaster.master][INFO] 2021-07-24 12:15:52,425: -SERVICE [/crazyswarm_teleop/get_loggers] /crazyswarm_teleop rosrpc://feuuu:33907
[rosmaster.master][INFO] 2021-07-24 12:15:52,425: -SERVICE [/crazyswarm_teleop/set_logger_level] /crazyswarm_teleop rosrpc://feuuu:33907
[rosmaster.master][INFO] 2021-07-24 12:15:52,426: +PARAM [/cf1/imu_sensors/BMP388] by /crazyswarm_server
[rosmaster.master][INFO] 2021-07-24 12:15:52,427: +PARAM [/cf1/imu_sensors/HMC5883L] by /crazyswarm_server
[rosmaster.master][INFO] 2021-07-24 12:15:52,428: +PARAM [/cf1/imu_sensors/MS5611] by /crazyswarm_server
[rosmaster.master][INFO] 2021-07-24 12:15:52,428: +PARAM [/cf1/imu_tests/MPU6500] by /crazyswarm_server
[rosmaster.master][INFO] 2021-07-24 12:15:52,429: +PARAM [/cf1/imu_tests/HMC5883L] by /crazyswarm_server
[rosmaster.master][INFO] 2021-07-24 12:15:52,429: +PARAM [/cf1/imu_tests/MS5611] by /crazyswarm_server
[rosmaster.master][INFO] 2021-07-24 12:15:52,430: +PARAM [/cf1/imu_sensors/BMP388] by /crazyswarm_server
[rosmaster.master][INFO] 2021-07-24 12:15:52,430: +PARAM [/cf1/cpu/flash] by /crazyswarm_server
[rosmaster.master][INFO] 2021-07-24 12:15:52,431: +PARAM [/cf1/cpu/id0] by /crazyswarm_server
[rosmaster.master][INFO] 2021-07-24 12:15:52,431: +PARAM [/cf1/cpu/id1] by /crazyswarm_server
[rosmaster.master][INFO] 2021-07-24 12:15:52,432: +PARAM [/cf1/cpu/id2] by /crazyswarm_server
[rosmaster.master][INFO] 2021-07-24 12:15:52,432: +PARAM [/cf1/system/selftestPassed] by /crazyswarm_server
[rosmaster.master][INFO] 2021-07-24 12:15:52,433: +PARAM [/cf1/sound/effect] by /crazyswarm_server
[rosmaster.master][INFO] 2021-07-24 12:15:52,433: +PARAM [/cf1/sound/neffect] by /crazyswarm_server
[rosmaster.master][INFO] 2021-07-24 12:15:52,434: +PARAM [/cf1/sound/freq] by /crazyswarm_server
[rosmaster.master][INFO] 2021-07-24 12:15:52,434: +PARAM [/cf1/sound/ratio] by /crazyswarm_server
[rosmaster.master][INFO] 2021-07-24 12:15:52,435: +PARAM [/cf1/system/taskDump] by /crazyswarm_server
[rosmaster.master][INFO] 2021-07-24 12:15:52,435: +PARAM [/cf1/memTst/resetW] by /crazyswarm_server
[rosmaster.master][INFO] 2021-07-24 12:15:52,435: +PARAM [/cf1/commander/enHighLevel] by /crazyswarm_server
[rosmaster.master][INFO] 2021-07-24 12:15:52,436: +PARAM [/cf1/flightmode/althold] by /crazyswarm_server
[rosmaster.master][INFO] 2021-07-24 12:15:52,436: +PARAM [/cf1/flightmode/poshold] by /crazyswarm_server
[rosmaster.master][INFO] 2021-07-24 12:15:52,437: +PARAM [/cf1/flightmode/posSet] by /crazyswarm_server
[rosmaster.master][INFO] 2021-07-24 12:15:52,437: +PARAM [/cf1/flightmode/yawMode] by /crazyswarm_server
[rosmaster.master][INFO] 2021-07-24 12:15:52,437: +PARAM [/cf1/flightmode/yawRst] by /crazyswarm_server
[rosmaster.master][INFO] 2021-07-24 12:15:52,438: +PARAM [/cf1/flightmode/stabModeRoll] by /crazyswarm_server
[rosmaster.master][INFO] 2021-07-24 12:15:52,438: +PARAM [/cf1/flightmode/stabModePitch] by /crazyswarm_server
[rosmaster.master][INFO] 2021-07-24 12:15:52,439: +PARAM [/cf1/flightmode/stabModeYaw] by /crazyswarm_server
[rosmaster.master][INFO] 2021-07-24 12:15:52,439: +PARAM [/cf1/cmdrCPPM/rateRoll] by /crazyswarm_server
[rosmaster.master][INFO] 2021-07-24 12:15:52,440: +PARAM [/cf1/cmdrCPPM/ratePitch] by /crazyswarm_server
[rosmaster.master][INFO] 2021-07-24 12:15:52,440: +PARAM [/cf1/cmdrCPPM/rateYaw] by /crazyswarm_server
[rosmaster.master][INFO] 2021-07-24 12:15:52,440: +PARAM [/cf1/cmdrCPPM/angRoll] by /crazyswarm_server
[rosmaster.master][INFO] 2021-07-24 12:15:52,441: +PARAM [/cf1/cmdrCPPM/angPitch] by /crazyswarm_server
[rosmaster.master][INFO] 2021-07-24 12:15:52,441: +PARAM [/cf1/locSrv/enRangeStreamFP32] by /crazyswarm_server
[rosmaster.master][INFO] 2021-07-24 12:15:52,442: +PARAM [/cf1/locSrv/extPosStdDev] by /crazyswarm_server
[rosmaster.master][INFO] 2021-07-24 12:15:52,442: +PARAM [/cf1/locSrv/extQuatStdDev] by /crazyswarm_server
[rosmaster.master][INFO] 2021-07-24 12:15:52,443: +PARAM [/cf1/pid_attitude/roll_kp] by /crazyswarm_server
[rosmaster.master][INFO] 2021-07-24 12:15:52,443: +PARAM [/cf1/pid_attitude/roll_ki] by /crazyswarm_server
[rosmaster.master][INFO] 2021-07-24 12:15:52,443: +PARAM [/cf1/pid_attitude/roll_kd] by /crazyswarm_server
[rosmaster.master][INFO] 2021-07-24 12:15:52,444: +PARAM [/cf1/pid_attitude/pitch_kp] by /crazyswarm_server
[rosmaster.master][INFO] 2021-07-24 12:15:52,444: +PARAM [/cf1/pid_attitude/pitch_ki] by /crazyswarm_server
[rosmaster.master][INFO] 2021-07-24 12:15:52,445: +PARAM [/cf1/pid_attitude/pitch_kd] by /crazyswarm_server
[rosmaster.master][INFO] 2021-07-24 12:15:52,445: +PARAM [/cf1/pid_attitude/yaw_kp] by /crazyswarm_server
[rosmaster.master][INFO] 2021-07-24 12:15:52,446: +PARAM [/cf1/pid_attitude/yaw_ki] by /crazyswarm_server
[rosmaster.master][INFO] 2021-07-24 12:15:52,446: +PARAM [/cf1/pid_attitude/yaw_kd] by /crazyswarm_server
[rosmaster.master][INFO] 2021-07-24 12:15:52,447: +PARAM [/cf1/pid_rate/roll_kp] by /crazyswarm_server
[rosmaster.master][INFO] 2021-07-24 12:15:52,447: +PARAM [/cf1/pid_rate/roll_ki] by /crazyswarm_server
[rosmaster.master][INFO] 2021-07-24 12:15:52,448: +PARAM [/cf1/pid_rate/roll_kd] by /crazyswarm_server
[rosmaster.master][INFO] 2021-07-24 12:15:52,448: +PARAM [/cf1/pid_rate/pitch_kp] by /crazyswarm_server
[rosmaster.master][INFO] 2021-07-24 12:15:52,449: +PARAM [/cf1/pid_rate/pitch_ki] by /crazyswarm_server
[rosmaster.master][INFO] 2021-07-24 12:15:52,449: +PARAM [/cf1/pid_rate/pitch_kd] by /crazyswarm_server
[rosmaster.master][INFO] 2021-07-24 12:15:52,450: +PARAM [/cf1/pid_rate/yaw_kp] by /crazyswarm_server
[rosmaster.master][INFO] 2021-07-24 12:15:52,450: +PARAM [/cf1/pid_rate/yaw_ki] by /crazyswarm_server
[rosmaster.master][INFO] 2021-07-24 12:15:52,450: +PARAM [/cf1/pid_rate/yaw_kd] by /crazyswarm_server
[rosmaster.master][INFO] 2021-07-24 12:15:52,451: +PARAM [/cf1/sensfusion6/kp] by /crazyswarm_server
[rosmaster.master][INFO] 2021-07-24 12:15:52,451: +PARAM [/cf1/sensfusion6/ki] by /crazyswarm_server
[rosmaster.master][INFO] 2021-07-24 12:15:52,452: +PARAM [/cf1/sensfusion6/baseZacc] by /crazyswarm_server
[rosmaster.master][INFO] 2021-07-24 12:15:52,452: +PARAM [/cf1/health/startPropTest] by /crazyswarm_server
[rosmaster.master][INFO] 2021-07-24 12:15:52,453: +PARAM [/cf1/stabilizer/estimator] by /crazyswarm_server
[rosmaster.master][INFO] 2021-07-24 12:15:52,453: +PARAM [/cf1/stabilizer/controller] by /crazyswarm_server
[rosmaster.master][INFO] 2021-07-24 12:15:52,454: +PARAM [/cf1/stabilizer/stop] by /crazyswarm_server
[rosmaster.master][INFO] 2021-07-24 12:15:52,454: +PARAM [/cf1/posEstAlt/estAlphaAsl] by /crazyswarm_server
[rosmaster.master][INFO] 2021-07-24 12:15:52,455: +PARAM [/cf1/posEstAlt/estAlphaZr] by /crazyswarm_server
[rosmaster.master][INFO] 2021-07-24 12:15:52,455: +PARAM [/cf1/posEstAlt/velFactor] by /crazyswarm_server
[rosmaster.master][INFO] 2021-07-24 12:15:52,456: +PARAM [/cf1/posEstAlt/velZAlpha] by /crazyswarm_server
[rosmaster.master][INFO] 2021-07-24 12:15:52,456: +PARAM [/cf1/posEstAlt/vAccDeadband] by /crazyswarm_server
[rosmaster.master][INFO] 2021-07-24 12:15:52,457: +PARAM [/cf1/posCtlPid/xKp] by /crazyswarm_server
[rosmaster.master][INFO] 2021-07-24 12:15:52,457: +PARAM [/cf1/posCtlPid/xKi] by /crazyswarm_server
[rosmaster.master][INFO] 2021-07-24 12:15:52,457: +PARAM [/cf1/posCtlPid/xKd] by /crazyswarm_server
[rosmaster.master][INFO] 2021-07-24 12:15:52,458: +PARAM [/cf1/posCtlPid/yKp] by /crazyswarm_server
[rosmaster.master][INFO] 2021-07-24 12:15:52,458: +PARAM [/cf1/posCtlPid/yKi] by /crazyswarm_server
[rosmaster.master][INFO] 2021-07-24 12:15:52,459: +PARAM [/cf1/posCtlPid/yKd] by /crazyswarm_server
[rosmaster.master][INFO] 2021-07-24 12:15:52,459: +PARAM [/cf1/posCtlPid/zKp] by /crazyswarm_server
[rosmaster.master][INFO] 2021-07-24 12:15:52,460: +PARAM [/cf1/posCtlPid/zKi] by /crazyswarm_server
[rosmaster.master][INFO] 2021-07-24 12:15:52,460: +PARAM [/cf1/posCtlPid/zKd] by /crazyswarm_server
[rosmaster.master][INFO] 2021-07-24 12:15:52,461: +PARAM [/cf1/posCtlPid/thrustBase] by /crazyswarm_server
[rosmaster.master][INFO] 2021-07-24 12:15:52,461: +PARAM [/cf1/posCtlPid/thrustMin] by /crazyswarm_server
[rosmaster.master][INFO] 2021-07-24 12:15:52,461: +PARAM [/cf1/posCtlPid/rpLimit] by /crazyswarm_server
[rosmaster.master][INFO] 2021-07-24 12:15:52,462: +PARAM [/cf1/posCtlPid/xyVelMax] by /crazyswarm_server
[rosmaster.master][INFO] 2021-07-24 12:15:52,462: +PARAM [/cf1/posCtlPid/zVelMax] by /crazyswarm_server
[rosmaster.master][INFO] 2021-07-24 12:15:52,463: +PARAM [/cf1/velCtlPid/vxKp] by /crazyswarm_server
[rosmaster.master][INFO] 2021-07-24 12:15:52,463: +PARAM [/cf1/velCtlPid/vxKi] by /crazyswarm_server
[rosmaster.master][INFO] 2021-07-24 12:15:52,464: +PARAM [/cf1/velCtlPid/vxKd] by /crazyswarm_server
[rosmaster.master][INFO] 2021-07-24 12:15:52,464: +PARAM [/cf1/velCtlPid/vyKp] by /crazyswarm_server
[rosmaster.master][INFO] 2021-07-24 12:15:52,465: +PARAM [/cf1/velCtlPid/vyKi] by /crazyswarm_server
[rosmaster.master][INFO] 2021-07-24 12:15:52,465: +PARAM [/cf1/velCtlPid/vyKd] by /crazyswarm_server
[rosmaster.master][INFO] 2021-07-24 12:15:52,466: +PARAM [/cf1/velCtlPid/vzKp] by /crazyswarm_server
[rosmaster.master][INFO] 2021-07-24 12:15:52,466: +PARAM [/cf1/velCtlPid/vzKi] by /crazyswarm_server
[rosmaster.master][INFO] 2021-07-24 12:15:52,467: +PARAM [/cf1/velCtlPid/vzKd] by /crazyswarm_server
[rosmaster.master][INFO] 2021-07-24 12:15:52,467: +PARAM [/cf1/controller/tiltComp] by /crazyswarm_server
[rosmaster.master][INFO] 2021-07-24 12:15:52,468: +PARAM [/cf1/ctrlMel/kp_xy] by /crazyswarm_server
[rosmaster.master][INFO] 2021-07-24 12:15:52,468: +PARAM [/cf1/ctrlMel/kd_xy] by /crazyswarm_server
[rosmaster.master][INFO] 2021-07-24 12:15:52,468: +PARAM [/cf1/ctrlMel/ki_xy] by /crazyswarm_server
[rosmaster.master][INFO] 2021-07-24 12:15:52,469: +PARAM [/cf1/ctrlMel/i_range_xy] by /crazyswarm_server
[rosmaster.master][INFO] 2021-07-24 12:15:52,469: +PARAM [/cf1/ctrlMel/kp_z] by /crazyswarm_server
[rosmaster.master][INFO] 2021-07-24 12:15:52,470: +PARAM [/cf1/ctrlMel/kd_z] by /crazyswarm_server
[rosmaster.master][INFO] 2021-07-24 12:15:52,470: +PARAM [/cf1/ctrlMel/ki_z] by /crazyswarm_server
[rosmaster.master][INFO] 2021-07-24 12:15:52,471: +PARAM [/cf1/ctrlMel/i_range_z] by /crazyswarm_server
[rosmaster.master][INFO] 2021-07-24 12:15:52,471: +PARAM [/cf1/ctrlMel/mass] by /crazyswarm_server
[rosmaster.master][INFO] 2021-07-24 12:15:52,471: +PARAM [/cf1/ctrlMel/massThrust] by /crazyswarm_server
[rosmaster.master][INFO] 2021-07-24 12:15:52,472: +PARAM [/cf1/ctrlMel/kR_xy] by /crazyswarm_server
[rosmaster.master][INFO] 2021-07-24 12:15:52,472: +PARAM [/cf1/ctrlMel/kR_z] by /crazyswarm_server
[rosmaster.master][INFO] 2021-07-24 12:15:52,473: +PARAM [/cf1/ctrlMel/kw_xy] by /crazyswarm_server
[rosmaster.master][INFO] 2021-07-24 12:15:52,473: +PARAM [/cf1/ctrlMel/kw_z] by /crazyswarm_server
[rosmaster.master][INFO] 2021-07-24 12:15:52,474: +PARAM [/cf1/ctrlMel/ki_m_xy] by /crazyswarm_server
[rosmaster.master][INFO] 2021-07-24 12:15:52,474: +PARAM [/cf1/ctrlMel/ki_m_z] by /crazyswarm_server
[rosmaster.master][INFO] 2021-07-24 12:15:52,474: +PARAM [/cf1/ctrlMel/kd_omega_rp] by /crazyswarm_server
[rosmaster.master][INFO] 2021-07-24 12:15:52,475: +PARAM [/cf1/ctrlMel/i_range_m_xy] by /crazyswarm_server
[rosmaster.master][INFO] 2021-07-24 12:15:52,475: +PARAM [/cf1/ctrlMel/i_range_m_z] by /crazyswarm_server
[rosmaster.master][INFO] 2021-07-24 12:15:52,476: +PARAM [/cf1/motorPowerSet/enable] by /crazyswarm_server
[rosmaster.master][INFO] 2021-07-24 12:15:52,476: +PARAM [/cf1/motorPowerSet/m1] by /crazyswarm_server
[rosmaster.master][INFO] 2021-07-24 12:15:52,477: +PARAM [/cf1/motorPowerSet/m2] by /crazyswarm_server
[rosmaster.master][INFO] 2021-07-24 12:15:52,477: +PARAM [/cf1/motorPowerSet/m3] by /crazyswarm_server
[rosmaster.master][INFO] 2021-07-24 12:15:52,478: +PARAM [/cf1/motorPowerSet/m4] by /crazyswarm_server
[rosmaster.master][INFO] 2021-07-24 12:15:52,478: +PARAM [/cf1/kalman/resetEstimation] by /crazyswarm_server
[rosmaster.master][INFO] 2021-07-24 12:15:52,479: +PARAM [/cf1/kalman/quadIsFlying] by /crazyswarm_server
[rosmaster.master][INFO] 2021-07-24 12:15:52,479: +PARAM [/cf1/kalman/pNAcc_xy] by /crazyswarm_server
[rosmaster.master][INFO] 2021-07-24 12:15:52,479: +PARAM [/cf1/kalman/pNAcc_z] by /crazyswarm_server
[rosmaster.master][INFO] 2021-07-24 12:15:52,480: +PARAM [/cf1/kalman/pNVel] by /crazyswarm_server
[rosmaster.master][INFO] 2021-07-24 12:15:52,480: +PARAM [/cf1/kalman/pNPos] by /crazyswarm_server
[rosmaster.master][INFO] 2021-07-24 12:15:52,481: +PARAM [/cf1/kalman/pNAtt] by /crazyswarm_server
[rosmaster.master][INFO] 2021-07-24 12:15:52,481: +PARAM [/cf1/kalman/mNBaro] by /crazyswarm_server
[rosmaster.master][INFO] 2021-07-24 12:15:52,482: +PARAM [/cf1/kalman/mNGyro_rollpitch] by /crazyswarm_server
[rosmaster.master][INFO] 2021-07-24 12:15:52,482: +PARAM [/cf1/kalman/mNGyro_yaw] by /crazyswarm_server
[rosmaster.master][INFO] 2021-07-24 12:15:52,482: +PARAM [/cf1/kalman/initialX] by /crazyswarm_server
[rosmaster.master][INFO] 2021-07-24 12:15:52,483: +PARAM [/cf1/kalman/initialY] by /crazyswarm_server
[rosmaster.master][INFO] 2021-07-24 12:15:52,483: +PARAM [/cf1/kalman/initialZ] by /crazyswarm_server
[rosmaster.master][INFO] 2021-07-24 12:15:52,484: +PARAM [/cf1/kalman/initialYaw] by /crazyswarm_server
[rosmaster.master][INFO] 2021-07-24 12:15:52,484: +PARAM [/cf1/kalman/maxPos] by /crazyswarm_server
[rosmaster.master][INFO] 2021-07-24 12:15:52,485: +PARAM [/cf1/kalman/maxVel] by /crazyswarm_server
[rosmaster.master][INFO] 2021-07-24 12:15:52,485: +PARAM [/cf1/deck/bcLedRing] by /crazyswarm_server
[rosmaster.master][INFO] 2021-07-24 12:15:52,486: +PARAM [/cf1/ring/effect] by /crazyswarm_server
[rosmaster.master][INFO] 2021-07-24 12:15:52,486: +PARAM [/cf1/ring/neffect] by /crazyswarm_server
[rosmaster.master][INFO] 2021-07-24 12:15:52,486: +PARAM [/cf1/ring/solidRed] by /crazyswarm_server
[rosmaster.master][INFO] 2021-07-24 12:15:52,487: +PARAM [/cf1/ring/solidGreen] by /crazyswarm_server
[rosmaster.master][INFO] 2021-07-24 12:15:52,487: +PARAM [/cf1/ring/solidBlue] by /crazyswarm_server
[rosmaster.master][INFO] 2021-07-24 12:15:52,488: +PARAM [/cf1/ring/headlightEnable] by /crazyswarm_server
[rosmaster.master][INFO] 2021-07-24 12:15:52,488: +PARAM [/cf1/ring/glowstep] by /crazyswarm_server
[rosmaster.master][INFO] 2021-07-24 12:15:52,489: +PARAM [/cf1/ring/emptyCharge] by /crazyswarm_server
[rosmaster.master][INFO] 2021-07-24 12:15:52,489: +PARAM [/cf1/ring/fullCharge] by /crazyswarm_server
[rosmaster.master][INFO] 2021-07-24 12:15:52,490: +PARAM [/cf1/ring/fadeColor] by /crazyswarm_server
[rosmaster.master][INFO] 2021-07-24 12:15:52,490: +PARAM [/cf1/ring/fadeTime] by /crazyswarm_server
[rosmaster.master][INFO] 2021-07-24 12:15:52,491: +PARAM [/cf1/deck/bcBuzzer] by /crazyswarm_server
[rosmaster.master][INFO] 2021-07-24 12:15:52,491: +PARAM [/cf1/deck/bcGTGPS] by /crazyswarm_server
[rosmaster.master][INFO] 2021-07-24 12:15:52,492: +PARAM [/cf1/deck/bcCPPM] by /crazyswarm_server
[rosmaster.master][INFO] 2021-07-24 12:15:52,492: +PARAM [/cf1/deck/bcUSD] by /crazyswarm_server
[rosmaster.master][INFO] 2021-07-24 12:15:52,492: +PARAM [/cf1/usd/logging] by /crazyswarm_server
[rosmaster.master][INFO] 2021-07-24 12:15:52,493: +PARAM [/cf1/deck/bcZRanger] by /crazyswarm_server
[rosmaster.master][INFO] 2021-07-24 12:15:52,493: +PARAM [/cf1/deck/bcZRanger2] by /crazyswarm_server
[rosmaster.master][INFO] 2021-07-24 12:15:52,494: +PARAM [/cf1/deck/bcDWM1000] by /crazyswarm_server
[rosmaster.master][INFO] 2021-07-24 12:15:52,494: +PARAM [/cf1/loco/mode] by /crazyswarm_server
[rosmaster.master][INFO] 2021-07-24 12:15:52,495: +PARAM [/cf1/tdoa3/logId] by /crazyswarm_server
[rosmaster.master][INFO] 2021-07-24 12:15:52,495: +PARAM [/cf1/tdoa3/logOthrId] by /crazyswarm_server
[rosmaster.master][INFO] 2021-07-24 12:15:52,496: +PARAM [/cf1/deck/bcFlow] by /crazyswarm_server
[rosmaster.master][INFO] 2021-07-24 12:15:52,496: +PARAM [/cf1/deck/bcFlow2] by /crazyswarm_server
[rosmaster.master][INFO] 2021-07-24 12:15:52,497: +PARAM [/cf1/motion/disable] by /crazyswarm_server
[rosmaster.master][INFO] 2021-07-24 12:15:52,497: +PARAM [/cf1/deck/bcOA] by /crazyswarm_server
[rosmaster.master][INFO] 2021-07-24 12:15:52,497: +PARAM [/cf1/deck/bcMultiranger] by /crazyswarm_server
[rosmaster.master][INFO] 2021-07-24 12:15:52,498: +PARAM [/cf1/deck/bdLighthouse4] by /crazyswarm_server
[rosmaster.master][INFO] 2021-07-24 12:15:52,499: +PARAM [/cf1/activeMarker/front] by /crazyswarm_server
[rosmaster.master][INFO] 2021-07-24 12:15:52,499: +PARAM [/cf1/activeMarker/back] by /crazyswarm_server
[rosmaster.master][INFO] 2021-07-24 12:15:52,500: +PARAM [/cf1/activeMarker/left] by /crazyswarm_server
[rosmaster.master][INFO] 2021-07-24 12:15:52,500: +PARAM [/cf1/activeMarker/right] by /crazyswarm_server
[rosmaster.master][INFO] 2021-07-24 12:15:52,501: +PARAM [/cf1/firmware/revision0] by /crazyswarm_server
[rosmaster.master][INFO] 2021-07-24 12:15:52,501: +PARAM [/cf1/firmware/revision1] by /crazyswarm_server
[rosmaster.master][INFO] 2021-07-24 12:15:52,501: +PARAM [/cf1/firmware/modified] by /crazyswarm_server
[rosmaster.master][INFO] 2021-07-24 12:15:52,529: +PARAM [/cf1/commander/enHighLevel] by /crazyswarm_server
[rosmaster.master][INFO] 2021-07-24 12:15:52,530: +PARAM [/cf1/kalman/resetEstimation] by /crazyswarm_server
[rosmaster.master][INFO] 2021-07-24 12:15:52,530: +PARAM [/cf1/locSrv/extPosStdDev] by /crazyswarm_server
[rosmaster.master][INFO] 2021-07-24 12:15:52,530: +PARAM [/cf1/locSrv/extQuatStdDev] by /crazyswarm_server
[rosmaster.master][INFO] 2021-07-24 12:15:52,531: +PARAM [/cf1/ring/effect] by /crazyswarm_server
[rosmaster.master][INFO] 2021-07-24 12:15:52,531: +PARAM [/cf1/ring/headlightEnable] by /crazyswarm_server
[rosmaster.master][INFO] 2021-07-24 12:15:52,532: +PARAM [/cf1/ring/solidBlue] by /crazyswarm_server
[rosmaster.master][INFO] 2021-07-24 12:15:52,532: +PARAM [/cf1/ring/solidGreen] by /crazyswarm_server
[rosmaster.master][INFO] 2021-07-24 12:15:52,533: +PARAM [/cf1/ring/solidRed] by /crazyswarm_server
[rosmaster.master][INFO] 2021-07-24 12:15:52,533: +PARAM [/cf1/stabilizer/controller] by /crazyswarm_server
[rosmaster.master][INFO] 2021-07-24 12:15:52,534: +PARAM [/cf1/stabilizer/estimator] by /crazyswarm_server
[rosmaster.master][INFO] 2021-07-24 12:15:52,534: +PARAM [/cf1/ctrlMel/i_range_m_z] by /crazyswarm_server
[rosmaster.master][INFO] 2021-07-24 12:15:52,535: +PARAM [/cf1/ctrlMel/i_range_xy] by /crazyswarm_server
[rosmaster.master][INFO] 2021-07-24 12:15:52,535: +PARAM [/cf1/ctrlMel/i_range_z] by /crazyswarm_server
[rosmaster.master][INFO] 2021-07-24 12:15:52,535: +PARAM [/cf1/ctrlMel/kR_xy] by /crazyswarm_server
[rosmaster.master][INFO] 2021-07-24 12:15:52,536: +PARAM [/cf1/ctrlMel/kR_z] by /crazyswarm_server
[rosmaster.master][INFO] 2021-07-24 12:15:52,536: +PARAM [/cf1/ctrlMel/kd_omega_rp] by /crazyswarm_server
[rosmaster.master][INFO] 2021-07-24 12:15:52,537: +PARAM [/cf1/ctrlMel/kd_xy] by /crazyswarm_server
[rosmaster.master][INFO] 2021-07-24 12:15:52,537: +PARAM [/cf1/ctrlMel/kd_z] by /crazyswarm_server
[rosmaster.master][INFO] 2021-07-24 12:15:52,538: +PARAM [/cf1/ctrlMel/ki_m_z] by /crazyswarm_server
[rosmaster.master][INFO] 2021-07-24 12:15:52,538: +PARAM [/cf1/ctrlMel/ki_xy] by /crazyswarm_server
[rosmaster.master][INFO] 2021-07-24 12:15:52,539: +PARAM [/cf1/ctrlMel/ki_z] by /crazyswarm_server
[rosmaster.master][INFO] 2021-07-24 12:15:52,539: +PARAM [/cf1/ctrlMel/kp_xy] by /crazyswarm_server
[rosmaster.master][INFO] 2021-07-24 12:15:52,539: +PARAM [/cf1/ctrlMel/kp_z] by /crazyswarm_server
[rosmaster.master][INFO] 2021-07-24 12:15:52,540: +PARAM [/cf1/ctrlMel/kw_xy] by /crazyswarm_server
[rosmaster.master][INFO] 2021-07-24 12:15:52,540: +PARAM [/cf1/ctrlMel/kw_z] by /crazyswarm_server
[rosmaster.master][INFO] 2021-07-24 12:15:52,541: +PARAM [/cf1/ctrlMel/mass] by /crazyswarm_server
[rosmaster.master][INFO] 2021-07-24 12:15:52,541: +PARAM [/cf1/ctrlMel/massThrust] by /crazyswarm_server
[rosmaster.master][INFO] 2021-07-24 12:15:54,027: -PUB [/rosout_agg] /rosout http://feuuu:40767/
[rosmaster.master][INFO] 2021-07-24 12:15:54,027: -SUB [/rosout] /rosout http://feuuu:40767/
[rosmaster.master][INFO] 2021-07-24 12:15:54,028: -SERVICE [/rosout/get_loggers] /rosout rosrpc://feuuu:57375
[rosmaster.master][INFO] 2021-07-24 12:15:54,028: -SERVICE [/rosout/set_logger_level] /rosout rosrpc://feuuu:57375
[rosmaster.main][INFO] 2021-07-24 12:15:54,137: keyboard interrupt, will exit
[rosmaster.main][INFO] 2021-07-24 12:15:54,137: stopping master...
[rospy.core][INFO] 2021-07-24 12:15:54,138: signal_shutdown [atexit]
